<?xml version="1.0" encoding="UTF-8"?>
<testsuite name="NodeTest" tests="1" skipped="0" failures="0" errors="0" timestamp="2021-05-04T15:34:23" hostname="mac.local" time="0.018">
  <properties/>
  <testcase name="node_CanCreateANewNode()" classname="NodeTest" time="0.018"/>
  <system-out><![CDATA[]]></system-out>
  <system-err><![CDATA[]]></system-err>
</testsuite>
